<?xml version="1.0" encoding="UTF-8"?>
<!-- Generated by org.testng.reporters.JUnitReportReporter -->
<testsuite hostname="QT-INBG-LT0354" failures="0" tests="3" name="mobile.Signup" time="0.028" errors="0" timestamp="2022-08-02T17:34:08 IST" skipped="0">
  <testcase classname="mobile.Signup" name="beforemethod" time="0.002"/>
  <system-out/>
  <testcase classname="mobile.Signup" name="SecondTest" time="0.003"/>
  <system-out/>
  <testcase classname="mobile.Signup" name="Demo" time="0.023"/>
  <system-out/>
</testsuite> <!-- mobile.Signup -->
