<?xml version="1.0" encoding="UTF-8"?>
<!-- Generated by org.testng.reporters.JUnitReportReporter -->
<testsuite hostname="QT-INBG-LT0354" failures="0" tests="1" name="mobile.Launch" time="4.374" errors="0" timestamp="2022-08-02T17:41:10 IST" skipped="0">
  <testcase classname="mobile.Launch" name="Launching_the_Browser" time="4.374"/>
  <system-out/>
</testsuite> <!-- mobile.Launch -->
